<?xml version="1.0" encoding="UTF-8"?>
<!-- Generated by org.testng.reporters.JUnitReportReporter -->
<testsuite hostname="Manoj" failures="0" tests="1" name="tdAssessment.amazon" time="151.666" errors="0" timestamp="2023-07-13T21:06:05 IST" skipped="0">
  <testcase classname="tdAssessment.amazon" name="Test" time="151.666"/>
  <system-out/>
</testsuite> <!-- tdAssessment.amazon -->
