<?xml version="1.0" encoding="UTF-8"?>
<!-- Generated by org.testng.reporters.JUnitReportReporter -->
<testsuite hostname="Manoj" failures="0" tests="1" name="tdAssessment.amazonApp" time="75.806" errors="0" timestamp="2023-07-27T18:23:37 IST" skipped="0">
  <testcase classname="tdAssessment.amazonApp" name="Test" time="75.806"/>
  <system-out/>
</testsuite> <!-- tdAssessment.amazonApp -->
